<?xml version="1.0" encoding="UTF-8"?>
<testsuite xmlns:xsi="http://www.w3.org/2001/XMLSchema-instance" xsi:noNamespaceSchemaLocation="https://maven.apache.org/surefire/maven-surefire-plugin/xsd/surefire-test-report.xsd" name="swarm.AppTest" time="0.042" tests="1" errors="0" skipped="0" failures="0">
  <properties>
    <property name="sun.desktop" value="windows"/>
    <property name="awt.toolkit" value="sun.awt.windows.WToolkit"/>
    <property name="file.encoding.pkg" value="sun.io"/>
    <property name="java.specification.version" value="1.8"/>
    <property name="sun.cpu.isalist" value="amd64"/>
    <property name="sun.jnu.encoding" value="Cp1252"/>
    <property name="java.class.path" value="E:\University\Semester 7\CO421 - Final Year Project I\FYP_GitRepos\java-swarm-node\target\test-classes;E:\University\Semester 7\CO421 - Final Year Project I\FYP_GitRepos\java-swarm-node\target\classes;C:\Users\Nuwan\.m2\repository\junit\junit\4.11\junit-4.11.jar;C:\Users\Nuwan\.m2\repository\org\hamcrest\hamcrest-core\1.3\hamcrest-core-1.3.jar;C:\Users\Nuwan\.m2\repository\org\eclipse\paho\org.eclipse.paho.client.mqttv3\1.2.0\org.eclipse.paho.client.mqttv3-1.2.0.jar;"/>
    <property name="java.vm.vendor" value="Oracle Corporation"/>
    <property name="sun.arch.data.model" value="64"/>
    <property name="user.variant" value=""/>
    <property name="java.vendor.url" value="http://java.oracle.com/"/>
    <property name="user.timezone" value="Asia/Colombo"/>
    <property name="java.vm.specification.version" value="1.8"/>
    <property name="os.name" value="Windows 10"/>
    <property name="user.country" value="US"/>
    <property name="sun.java.launcher" value="SUN_STANDARD"/>
    <property name="sun.boot.library.path" value="C:\Program Files\Java\jdk1.8.0_77\jre\bin"/>
    <property name="sun.java.command" value="C:\Users\Nuwan\AppData\Local\Temp\surefire8370339466654197802\surefirebooter7889059748482601845.jar C:\Users\Nuwan\AppData\Local\Temp\surefire8370339466654197802 2020-12-21T22-57-03_768-jvmRun1 surefire7142510964551323861tmp surefire_05346063499235185633tmp"/>
    <property name="surefire.test.class.path" value="E:\University\Semester 7\CO421 - Final Year Project I\FYP_GitRepos\java-swarm-node\target\test-classes;E:\University\Semester 7\CO421 - Final Year Project I\FYP_GitRepos\java-swarm-node\target\classes;C:\Users\Nuwan\.m2\repository\junit\junit\4.11\junit-4.11.jar;C:\Users\Nuwan\.m2\repository\org\hamcrest\hamcrest-core\1.3\hamcrest-core-1.3.jar;C:\Users\Nuwan\.m2\repository\org\eclipse\paho\org.eclipse.paho.client.mqttv3\1.2.0\org.eclipse.paho.client.mqttv3-1.2.0.jar;"/>
    <property name="sun.cpu.endian" value="little"/>
    <property name="user.home" value="C:\Users\Nuwan"/>
    <property name="user.language" value="en"/>
    <property name="java.specification.vendor" value="Oracle Corporation"/>
    <property name="java.home" value="C:\Program Files\Java\jdk1.8.0_77\jre"/>
    <property name="basedir" value="E:\University\Semester 7\CO421 - Final Year Project I\FYP_GitRepos\java-swarm-node"/>
    <property name="file.separator" value="\"/>
    <property name="line.separator" value="&#10;"/>
    <property name="java.vm.specification.vendor" value="Oracle Corporation"/>
    <property name="java.specification.name" value="Java Platform API Specification"/>
    <property name="java.awt.graphicsenv" value="sun.awt.Win32GraphicsEnvironment"/>
    <property name="surefire.real.class.path" value="C:\Users\Nuwan\AppData\Local\Temp\surefire8370339466654197802\surefirebooter7889059748482601845.jar"/>
    <property name="sun.boot.class.path" value="C:\Program Files\Java\jdk1.8.0_77\jre\lib\resources.jar;C:\Program Files\Java\jdk1.8.0_77\jre\lib\rt.jar;C:\Program Files\Java\jdk1.8.0_77\jre\lib\sunrsasign.jar;C:\Program Files\Java\jdk1.8.0_77\jre\lib\jsse.jar;C:\Program Files\Java\jdk1.8.0_77\jre\lib\jce.jar;C:\Program Files\Java\jdk1.8.0_77\jre\lib\charsets.jar;C:\Program Files\Java\jdk1.8.0_77\jre\lib\jfr.jar;C:\Program Files\Java\jdk1.8.0_77\jre\classes"/>
    <property name="user.script" value=""/>
    <property name="sun.management.compiler" value="HotSpot 64-Bit Tiered Compilers"/>
    <property name="java.runtime.version" value="1.8.0_77-b03"/>
    <property name="user.name" value="Nuwan"/>
    <property name="path.separator" value=";"/>
    <property name="os.version" value="10.0"/>
    <property name="java.endorsed.dirs" value="C:\Program Files\Java\jdk1.8.0_77\jre\lib\endorsed"/>
    <property name="java.runtime.name" value="Java(TM) SE Runtime Environment"/>
    <property name="file.encoding" value="Cp1252"/>
    <property name="java.vm.name" value="Java HotSpot(TM) 64-Bit Server VM"/>
    <property name="localRepository" value="C:\Users\Nuwan\.m2\repository"/>
    <property name="java.vendor.url.bug" value="http://bugreport.sun.com/bugreport/"/>
    <property name="java.io.tmpdir" value="C:\Users\Nuwan\AppData\Local\Temp\"/>
    <property name="idea.version" value="2018.3.2"/>
    <property name="java.version" value="1.8.0_77"/>
    <property name="user.dir" value="E:\University\Semester 7\CO421 - Final Year Project I\FYP_GitRepos\java-swarm-node"/>
    <property name="os.arch" value="amd64"/>
    <property name="java.vm.specification.name" value="Java Virtual Machine Specification"/>
    <property name="java.awt.printerjob" value="sun.awt.windows.WPrinterJob"/>
    <property name="sun.os.patch.level" value=""/>
    <property name="java.library.path" value="C:\Program Files\Java\jdk1.8.0_77\jre\bin;C:\WINDOWS\Sun\Java\bin;C:\WINDOWS\system32;C:\WINDOWS;D:\Program Files (x86)\Microchip\mplabc18\v3.47\mpasm;D:\Program Files (x86)\Microchip\mplabc18\v3.47\bin;C:\Python36\;C:\Python36\DLLs\;C:\Python36\Scripts\;C:\Python36\Tools\;C:\Python36\Tools\ninja\;C:\Program Files (x86)\Common Files\Intel\Shared Files\cpp\bin\Intel64;C:\Program Files (x86)\NVIDIA Corporation\PhysX\Common;C:\ProgramData\Oracle\Java\javapath;C:\WINDOWS\system32;C:\WINDOWS;C:\WINDOWS\System32\Wbem;C:\WINDOWS\System32\WindowsPowerShell\v1.0\;C:\WINDOWS\System32\OpenSSH\;C:\Program Files (x86)\Bitvise SSH Client;C:\Program Files (x86)\Windows Kits\8.1\Windows Performance Toolkit\;C:\Program Files\MATLAB\R2013a\runtime\win64;C:\Program Files\MATLAB\R2013a\bin;C:\Program Files\Java\jdk1.8.0_77\bin;C:\Program Files\Git\cmd;D:\SmallProgramFiles\gtkwave\bin;C:\Program Files (x86)\mingw-w64\i686-8.1.0-posix-dwarf-rt_v6-rev0\mingw32\bin;D:\SmallProgramFiles\QuickTime\QTSystem\;C:\Users\Nuwan\AppData\Local\Android\sdk\platform-tools\;C:\Program Files (x86)\Arduino\hardware\tools\avr\bin\;D:\SmallProgramFiles\Schneider Electric\EcoStruxure Machine Expert - Basic\;C:\Users\Nuwan\AppData\Local\Arduino15\packages\esp32\tools\esptool_py\2.6.1\;C:\Program Files (x86)\GnuWin32\bin;C:\wamp\bin\php\php7.2.10;C:\wamp\bin\php\php7.3.1;C:\Program Files\PuTTY\;C:\Program Files\Docker\Docker\resources\bin;C:\ProgramData\DockerDesktop\version-bin;C:\Python36\Scripts;C:\ProgramData\ComposerSetup\bin;D:\Program Files\Microchip\xc8\v2.20\bin;C:\gradle-6.5\bin;C:\Program Files\Intel\WiFi\bin\;C:\Program Files\Common Files\Intel\WirelessCommon\;C:\Users\Nuwan\.platformio\penv\Scripts\;D:\SmallProgramFiles\nodejs\;C:\Program Files (x86)\Intel\Intel(R) Management Engine Components\DAL;C:\Program Files\Intel\Intel(R) Management Engine Components\DAL;C:\apache-maven-3.6.3\bin;C:\Ruby27-x64\bin;D:\Program Files (x86)\Microchip\mplabc18\v3.47\mpasm;D:\Program Files (x86)\Microchip\mplabc18\v3.47\bin;C:\Users\Nuwan\AppData\Local\Microsoft\WindowsApps;C:\Users\Nuwan\AppData\Local\atom\bin;C:\Users\Nuwan\AppData\Local\GitHubDesktop\bin;;D:\SmallProgramFiles\Microsoft VS Code\bin;C:\altera\13.1\modelsim_ase\win32aloem;C:\Users\Nuwan\AppData\Roaming\Composer\vendor\bin;C:\Users\Nuwan\AppData\Local\Microsoft\WindowsApps;C:\Program Files\Intel\WiFi\bin\;C:\Program Files\Common Files\Intel\WirelessCommon\;D:\Program Files\heroku\bin;C:\Users\Nuwan\AppData\Roaming\npm;."/>
    <property name="java.vm.info" value="mixed mode"/>
    <property name="java.vendor" value="Oracle Corporation"/>
    <property name="java.vm.version" value="25.77-b03"/>
    <property name="java.ext.dirs" value="C:\Program Files\Java\jdk1.8.0_77\jre\lib\ext;C:\WINDOWS\Sun\Java\lib\ext"/>
    <property name="sun.io.unicode.encoding" value="UnicodeLittle"/>
    <property name="java.class.version" value="52.0"/>
  </properties>
  <testcase name="shouldAnswerWithTrue" classname="swarm.AppTest" time="0.001"/>
</testsuite>